testlibrary/build 2/intermediates/manifest_merge_blame_file/debug/manifest-merger-blame-debug-report.txt
1<?xml version="1.0" encoding="utf-8"?>
2<manifest xmlns:android="http://schemas.android.com/apk/res/android"
3    package="cn.ysf.testlibrary"
4    android:versionCode="1"
5    android:versionName="1.0.0" >
6
7    <uses-sdk
8        android:minSdkVersion="24"
8-->src/main/AndroidManifest.xml
9        android:targetSdkVersion="30" />
9-->src/main/AndroidManifest.xml
10
11    <application>
11-->src/main/AndroidManifest.xml:5:5-10:19
12        <activity android:name="cn.ysf.testlibrary.AbbActivity" />
12-->src/main/AndroidManifest.xml:7:9-49
12-->src/main/AndroidManifest.xml:7:19-46
13        <activity android:name="cn.ysf.testlibrary.AccActivity" />
13-->src/main/AndroidManifest.xml:8:9-49
13-->src/main/AndroidManifest.xml:8:19-46
14    </application>
15
16</manifest>